<?xml version="1.0" encoding="UTF-8"?>
<!-- Generated by org.testng.reporters.JUnitReportReporter -->
<testsuite skipped="0" hostname="LTGDL80604" name="Automation.HomePageTest" tests="1" failures="0" timestamp="17 Apr 2020 03:30:04 GMT" time="65.343" errors="0">
  <testcase name="basePageNav" time="65.343" classname="Automation.HomePageTest"/>
</testsuite> <!-- Automation.HomePageTest -->
