<?xml version="1.0" encoding="UTF-8"?>
<!-- Generated by org.testng.reporters.JUnitReportReporter -->
<testsuite skipped="0" hostname="LTGDL80604" name="Automation.ValidateSearchTest" tests="1" failures="0" timestamp="24 Apr 2020 01:07:15 GMT" time="32.753" errors="0">
  <testcase name="basePageNav" time="32.753" classname="Automation.ValidateSearchTest"/>
</testsuite> <!-- Automation.ValidateSearchTest -->
