<?xml version="1.0" encoding="UTF-8"?>
<!-- Generated by org.testng.reporters.JUnitReportReporter -->
<testsuite skipped="0" hostname="LTGDL80604" name="Automation.ValidateLoginTest" tests="1" failures="0" timestamp="2020-04-17T17:07:44 CDT" time="16.722" errors="0">
  <testcase name="basePageNav" time="16.722" classname="Automation.ValidateLoginTest"/>
  <system-out/>
</testsuite> <!-- Automation.ValidateLoginTest -->
